d:\campoes\sem.2\struktur data\visual studio\projectform\projectform\debug\vc142.pdb
d:\campoes\sem.2\struktur data\visual studio\projectform\projectform\debug\.netframework,version=v4.6.1.assemblyattributes.obj
d:\campoes\sem.2\struktur data\visual studio\projectform\projectform\debug\perhitungan.obj
d:\campoes\sem.2\struktur data\visual studio\projectform\projectform\debug\login.obj
d:\campoes\sem.2\struktur data\visual studio\projectform\projectform\debug\home.obj
d:\campoes\sem.2\struktur data\visual studio\projectform\projectform\debug\projectform.home.resources
d:\campoes\sem.2\struktur data\visual studio\projectform\projectform\debug\projectform.login.resources
d:\campoes\sem.2\struktur data\visual studio\projectform\projectform\debug\projectform.perhitungan.resources
d:\campoes\sem.2\struktur data\visual studio\projectform\projectform\debug\projectform.vcxproj.generateresource.cache
d:\campoes\sem.2\struktur data\visual studio\projectform\projectform\debug\projectform.vcxprojassemblyreference.cache
d:\campoes\sem.2\struktur data\visual studio\projectform\debug\projectform.pdb
d:\campoes\sem.2\struktur data\visual studio\projectform\debug\projectform.exe
d:\campoes\sem.2\struktur data\visual studio\projectform\projectform\debug\projectform.tlog\cl.command.1.tlog
d:\campoes\sem.2\struktur data\visual studio\projectform\projectform\debug\projectform.tlog\cl.read.1.tlog
d:\campoes\sem.2\struktur data\visual studio\projectform\projectform\debug\projectform.tlog\cl.write.1.tlog
d:\campoes\sem.2\struktur data\visual studio\projectform\projectform\debug\projectform.tlog\link.command.1.tlog
d:\campoes\sem.2\struktur data\visual studio\projectform\projectform\debug\projectform.tlog\link.read.1.tlog
d:\campoes\sem.2\struktur data\visual studio\projectform\projectform\debug\projectform.tlog\link.write.1.tlog
d:\campoes\sem.2\struktur data\visual studio\projectform\projectform\debug\projectform.tlog\metagen.read.1.tlog
d:\campoes\sem.2\struktur data\visual studio\projectform\projectform\debug\projectform.tlog\metagen.write.1.tlog
d:\campoes\sem.2\struktur data\visual studio\projectform\projectform\debug\projectform.tlog\projectform.write.1u.tlog
